  alhe.cpp
C:\Users\Rafał\source\repos\alhe\alhe\alhe.cpp(10,1): error C2601: 'main': local function definitions are illegal
C:\Users\Rafał\source\repos\alhe\alhe\Board.h(17): message : this line contains a '{' which has not yet been matched
C:\Users\Rafał\source\repos\alhe\alhe\Board.h(17): fatal error C1075: '{': no matching token found
  Board.cpp
C:\Users\Rafał\source\repos\alhe\alhe\Board.cpp(5,14): error C2144: syntax error: 'unsigned int' should be preceded by ')'
C:\Users\Rafał\source\repos\alhe\alhe\Board.cpp(5,8): error C2512: 'Board::Board': no appropriate default constructor available
C:\Users\Rafał\source\repos\alhe\alhe\Board.cpp(5,14): error C2144: syntax error: 'unsigned int' should be preceded by ';'
C:\Users\Rafał\source\repos\alhe\alhe\Board.cpp(5,27): error C2059: syntax error: ')'
C:\Users\Rafał\source\repos\alhe\alhe\Board.cpp(6,2): error C2355: 'this': can only be referenced inside non-static member functions or non-static data member initializers
C:\Users\Rafał\source\repos\alhe\alhe\Board.cpp(6,19): error C2059: syntax error: ';'
C:\Users\Rafał\source\repos\alhe\alhe\Board.cpp(7,2): error C2355: 'this': can only be referenced inside non-static member functions or non-static data member initializers
C:\Users\Rafał\source\repos\alhe\alhe\Board.cpp(8,20): warning C4018: '<': signed/unsigned mismatch
C:\Users\Rafał\source\repos\alhe\alhe\Board.cpp(9,3): error C2355: 'this': can only be referenced inside non-static member functions or non-static data member initializers
C:\Users\Rafał\source\repos\alhe\alhe\Board.cpp(14,20): warning C4018: '<': signed/unsigned mismatch
C:\Users\Rafał\source\repos\alhe\alhe\Board.cpp(20,8): error C2143: syntax error: missing ';' before '&'
C:\Users\Rafał\source\repos\alhe\alhe\Board.cpp(20,8): error C4430: missing type specifier - int assumed. Note: C++ does not support default-int
C:\Users\Rafał\source\repos\alhe\alhe\Board.cpp(20,30): error C2065: 'os': undeclared identifier
C:\Users\Rafał\source\repos\alhe\alhe\Board.cpp(20,34): error C2059: syntax error: 'const'
C:\Users\Rafał\source\repos\alhe\alhe\Board.cpp(20,54): error C2143: syntax error: missing ';' before '{'
C:\Users\Rafał\source\repos\alhe\alhe\Board.cpp(20,54): error C2447: '{': missing function header (old-style formal list?)
  Generating Code...
